\BOOKMARK [1][-]{section*.3}{\376\377\131\202\117\125\213\262\131\175\145\105\116\213}{}% 1
\BOOKMARK [-1][-]{part.1}{\376\377\000I\000\040\232\330\173\111\145\160\133\146}{}% 2
\BOOKMARK [0][-]{chapter*.5}{\376\377\133\236\145\160\060\001\131\015\145\160\060\001\000E\000u\000c\000l\000i\000d\000e\000a\000n\172\172\225\364}{part.1}% 3
\BOOKMARK [1][-]{section*.6}{\376\377\133\236\145\160}{chapter*.5}% 4
\BOOKMARK [1][-]{section*.7}{\376\377\131\015\145\160}{chapter*.5}% 5
\BOOKMARK [1][-]{section*.8}{\376\377\000E\000u\000c\000l\000i\000d\000e\000a\000n\172\172\225\364}{chapter*.5}% 6
\BOOKMARK [0][-]{chapter*.9}{\376\377\142\323\142\121\127\372\170\100}{part.1}% 7
\BOOKMARK [1][-]{section*.10}{\376\377\123\357\145\160\226\306\116\016\116\015\123\357\145\160\226\306}{chapter*.9}% 8
\BOOKMARK [1][-]{section*.11}{\376\377\136\246\221\317\172\172\225\364}{chapter*.9}% 9
\BOOKMARK [1][-]{section*.12}{\376\377\175\047\226\306}{chapter*.9}% 10
\BOOKMARK [0][-]{chapter*.13}{\376\377\136\217\122\027\116\016\176\247\145\160}{part.1}% 11
\BOOKMARK [1][-]{section*.14}{\376\377\136\217\122\027}{chapter*.13}% 12
\BOOKMARK [1][-]{section*.15}{\376\377\176\247\145\160}{chapter*.13}% 13
\BOOKMARK [0][-]{chapter*.16}{\376\377\217\336\176\355}{part.1}% 14
\BOOKMARK [0][-]{chapter*.17}{\376\377\133\374\145\160}{part.1}% 15
\BOOKMARK [0][-]{chapter*.18}{\376\377\000R\000i\000e\000m\000a\000n\000n\000-\000S\000t\000i\000e\000l\000t\000j\000e\000s\171\357\122\006}{part.1}% 16
\BOOKMARK [-1][-]{part.2}{\376\377\000I\000I\000\040\176\277\140\047\116\343\145\160}{}% 17
\BOOKMARK [0][-]{chapter*.19}{\376\377\176\277\140\047\146\040\134\004}{part.2}% 18
\BOOKMARK [1][-]{section*.20}{\376\377\176\277\140\047\146\040\134\004\166\204\151\202\137\365}{chapter*.19}% 19
\BOOKMARK [1][-]{section*.21}{\376\377\176\277\140\047\146\040\134\004\147\204\142\020\166\204\176\277\140\047\172\172\225\364}{chapter*.19}% 20
\BOOKMARK [1][-]{section*.22}{\376\377\147\011\226\120\176\364\176\277\140\047\146\040\134\004\166\204\127\372\147\054\133\232\164\006}{chapter*.19}% 21
\BOOKMARK [1][-]{section*.23}{\376\377\176\277\140\047\146\040\134\004\166\204\167\351\226\065}{chapter*.19}% 22
\BOOKMARK [1][-]{section*.24}{\376\377\176\277\140\047\123\330\143\142\116\016\121\166\220\006\166\204\151\202\137\365}{chapter*.19}% 23
\BOOKMARK [1][-]{section*.25}{\376\377\171\357\172\172\225\364\116\016\125\106\172\172\225\364}{chapter*.19}% 24
\BOOKMARK [1][-]{section*.26}{\376\377\133\371\120\166\116\016\171\351}{chapter*.19}% 25
\BOOKMARK [0][-]{chapter*.27}{\376\377\162\171\137\201\120\074\060\001\162\171\137\201\124\021\221\317\116\016\116\015\123\330\133\120\172\172\225\364}{part.2}% 26
\BOOKMARK [0][-]{chapter*.28}{\376\377\121\205\171\357\172\172\225\364}{part.2}% 27
\BOOKMARK [1][-]{section*.29}{\376\377\153\143\116\244\127\372}{chapter*.28}% 28
\BOOKMARK [1][-]{section*.30}{\376\377\121\205\171\357\172\172\225\364\166\204\176\277\140\047\154\333\121\375}{chapter*.28}% 29
\BOOKMARK [1][-]{section*.31}{\376\377\153\143\116\244\210\145\116\016\147\000\117\030\123\026\225\356\230\230}{chapter*.28}% 30
\BOOKMARK [0][-]{chapter*.32}{\376\377\121\205\171\357\172\172\225\364\116\012\166\204\176\277\140\047\123\330\143\142}{part.2}% 31
\BOOKMARK [1][-]{section*.33}{\376\377\201\352\117\064\124\214\153\143\211\304\123\330\143\142}{chapter*.32}% 32
\BOOKMARK [-1][-]{part.3}{\376\377\000I\000I\000I\000\040\165\065\215\357}{}% 33
\BOOKMARK [0][-]{chapter*.34}{\376\377\131\047\134\100\211\302}{part.3}% 34
